{
  "RSpec": {
    "coverage": {
      "/home/skyy/MyProjects/todos-api/app/controllers/items_controller.rb": [
        1,
        null
      ],
      "/home/skyy/MyProjects/todos-api/app/controllers/application_controller.rb": [
        1,
        1,
        1,
        null
      ],
      "/home/skyy/MyProjects/todos-api/app/controllers/concerns/response.rb": [
        1,
        1,
        10,
        null,
        null
      ],
      "/home/skyy/MyProjects/todos-api/app/controllers/concerns/exception_handler.rb": [
        1,
        null,
        1,
        null,
        1,
        1,
        2,
        null,
        null,
        1,
        2,
        null,
        null,
        null
      ],
      "/home/skyy/MyProjects/todos-api/app/controllers/todos_controller.rb": [
        null,
        1,
        1,
        null,
        null,
        1,
        2,
        2,
        null,
        null,
        null,
        1,
        4,
        2,
        null,
        null,
        null,
        1,
        2,
        null,
        null,
        null,
        1,
        2,
        2,
        null,
        null,
        null,
        1,
        1,
        1,
        null,
        null,
        1,
        null,
        1,
        null,
        6,
        null,
        null,
        1,
        7,
        null,
        null
      ],
      "/home/skyy/MyProjects/todos-api/app/models/item.rb": [
        1,
        null,
        1,
        null,
        null,
        1,
        null
      ],
      "/home/skyy/MyProjects/todos-api/app/models/application_record.rb": [
        1,
        1,
        null
      ],
      "/home/skyy/MyProjects/todos-api/app/models/todo.rb": [
        1,
        null,
        1,
        null,
        null,
        1,
        null
      ],
      "/home/skyy/MyProjects/todos-api/app/channels/application_cable/connection.rb": [
        0,
        0,
        0,
        0
      ],
      "/home/skyy/MyProjects/todos-api/app/channels/application_cable/channel.rb": [
        0,
        0,
        0,
        0
      ],
      "/home/skyy/MyProjects/todos-api/app/mailers/application_mailer.rb": [
        0,
        0,
        0,
        0
      ],
      "/home/skyy/MyProjects/todos-api/app/jobs/application_job.rb": [
        0,
        0
      ]
    },
    "timestamp": 1496352396
  }
}
